-------------------------------------------------------------------------------
Test set: com.willyes.clemenintegra.inventario.controller.LoteProductoControllerTest
-------------------------------------------------------------------------------
Tests run: 10, Failures: 5, Errors: 0, Skipped: 0, Time elapsed: 0.901 s <<< FAILURE! -- in com.willyes.clemenintegra.inventario.controller.LoteProductoControllerTest
com.willyes.clemenintegra.inventario.controller.LoteProductoControllerTest.crearLote_ConDatosValidos_RetornaCreated -- Time elapsed: 0.016 s <<< FAILURE!
java.lang.AssertionError: Status expected:<201> but was:<500>
	at org.springframework.test.util.AssertionErrors.fail(AssertionErrors.java:59)
	at org.springframework.test.util.AssertionErrors.assertEquals(AssertionErrors.java:122)
	at org.springframework.test.web.servlet.result.StatusResultMatchers.lambda$matcher$9(StatusResultMatchers.java:637)
	at org.springframework.test.web.servlet.MockMvc$1.andExpect(MockMvc.java:214)
	at com.willyes.clemenintegra.inventario.controller.LoteProductoControllerTest.crearLote_ConDatosValidos_RetornaCreated(LoteProductoControllerTest.java:69)
	at java.base/java.lang.reflect.Method.invoke(Method.java:580)
	at java.base/java.util.ArrayList.forEach(ArrayList.java:1596)
	at java.base/java.util.ArrayList.forEach(ArrayList.java:1596)

com.willyes.clemenintegra.inventario.controller.LoteProductoControllerTest.crearLote_FechaVencimientoAnterior_RetornaBadRequest -- Time elapsed: 0.025 s <<< FAILURE!
java.lang.AssertionError: Status expected:<400> but was:<500>
	at org.springframework.test.util.AssertionErrors.fail(AssertionErrors.java:59)
	at org.springframework.test.util.AssertionErrors.assertEquals(AssertionErrors.java:122)
	at org.springframework.test.web.servlet.result.StatusResultMatchers.lambda$matcher$9(StatusResultMatchers.java:637)
	at org.springframework.test.web.servlet.MockMvc$1.andExpect(MockMvc.java:214)
	at com.willyes.clemenintegra.inventario.controller.LoteProductoControllerTest.crearLote_FechaVencimientoAnterior_RetornaBadRequest(LoteProductoControllerTest.java:113)
	at java.base/java.lang.reflect.Method.invoke(Method.java:580)
	at java.base/java.util.ArrayList.forEach(ArrayList.java:1596)
	at java.base/java.util.ArrayList.forEach(ArrayList.java:1596)

com.willyes.clemenintegra.inventario.controller.LoteProductoControllerTest.obtenerLotePorId_Existente_RetornaOk -- Time elapsed: 0.030 s <<< FAILURE!
java.lang.AssertionError: Status expected:<200> but was:<404>
	at org.springframework.test.util.AssertionErrors.fail(AssertionErrors.java:59)
	at org.springframework.test.util.AssertionErrors.assertEquals(AssertionErrors.java:122)
	at org.springframework.test.web.servlet.result.StatusResultMatchers.lambda$matcher$9(StatusResultMatchers.java:637)
	at org.springframework.test.web.servlet.MockMvc$1.andExpect(MockMvc.java:214)
	at com.willyes.clemenintegra.inventario.controller.LoteProductoControllerTest.obtenerLotePorId_Existente_RetornaOk(LoteProductoControllerTest.java:132)
	at java.base/java.lang.reflect.Method.invoke(Method.java:580)
	at java.base/java.util.ArrayList.forEach(ArrayList.java:1596)
	at java.base/java.util.ArrayList.forEach(ArrayList.java:1596)

com.willyes.clemenintegra.inventario.controller.LoteProductoControllerTest.listarTodosLosLotes_RetornaLista -- Time elapsed: 0.023 s <<< FAILURE!
java.lang.AssertionError: Status expected:<200> but was:<405>
	at org.springframework.test.util.AssertionErrors.fail(AssertionErrors.java:59)
	at org.springframework.test.util.AssertionErrors.assertEquals(AssertionErrors.java:122)
	at org.springframework.test.web.servlet.result.StatusResultMatchers.lambda$matcher$9(StatusResultMatchers.java:637)
	at org.springframework.test.web.servlet.MockMvc$1.andExpect(MockMvc.java:214)
	at com.willyes.clemenintegra.inventario.controller.LoteProductoControllerTest.listarTodosLosLotes_RetornaLista(LoteProductoControllerTest.java:158)
	at java.base/java.lang.reflect.Method.invoke(Method.java:580)
	at java.base/java.util.ArrayList.forEach(ArrayList.java:1596)
	at java.base/java.util.ArrayList.forEach(ArrayList.java:1596)

com.willyes.clemenintegra.inventario.controller.LoteProductoControllerTest.crearLote_CodigoLoteDuplicado_RetornaConflict -- Time elapsed: 0.010 s <<< FAILURE!
java.lang.AssertionError: Status expected:<201> but was:<500>
	at org.springframework.test.util.AssertionErrors.fail(AssertionErrors.java:59)
	at org.springframework.test.util.AssertionErrors.assertEquals(AssertionErrors.java:122)
	at org.springframework.test.web.servlet.result.StatusResultMatchers.lambda$matcher$9(StatusResultMatchers.java:637)
	at org.springframework.test.web.servlet.MockMvc$1.andExpect(MockMvc.java:214)
	at com.willyes.clemenintegra.inventario.controller.LoteProductoControllerTest.crearLote_CodigoLoteDuplicado_RetornaConflict(LoteProductoControllerTest.java:89)
	at java.base/java.lang.reflect.Method.invoke(Method.java:580)
	at java.base/java.util.ArrayList.forEach(ArrayList.java:1596)
	at java.base/java.util.ArrayList.forEach(ArrayList.java:1596)

