-------------------------------------------------------------------------------
Test set: com.willyes.clemenintegra.inventario.controller.SeguridadPermisosTest
-------------------------------------------------------------------------------
Tests run: 7, Failures: 3, Errors: 0, Skipped: 0, Time elapsed: 0.116 s <<< FAILURE! -- in com.willyes.clemenintegra.inventario.controller.SeguridadPermisosTest
com.willyes.clemenintegra.inventario.controller.SeguridadPermisosTest.jefeCalidadPuedeVerProductosRetenidos -- Time elapsed: 0.015 s <<< FAILURE!
java.lang.AssertionError: No value at JSON path "$[0].estadoLote"
	at org.springframework.test.util.JsonPathExpectationsHelper.evaluateJsonPath(JsonPathExpectationsHelper.java:302)
	at org.springframework.test.util.JsonPathExpectationsHelper.assertValue(JsonPathExpectationsHelper.java:99)
	at org.springframework.test.web.servlet.result.JsonPathResultMatchers.lambda$value$2(JsonPathResultMatchers.java:111)
	at org.springframework.test.web.servlet.MockMvc$1.andExpect(MockMvc.java:214)
	at com.willyes.clemenintegra.inventario.controller.SeguridadPermisosTest.jefeCalidadPuedeVerProductosRetenidos(SeguridadPermisosTest.java:80)
	at java.base/java.lang.reflect.Method.invoke(Method.java:580)
	at java.base/java.util.ArrayList.forEach(ArrayList.java:1596)
	at java.base/java.util.ArrayList.forEach(ArrayList.java:1596)
Caused by: com.jayway.jsonpath.PathNotFoundException: No results for path: $[0]['estadoLote']

com.willyes.clemenintegra.inventario.controller.SeguridadPermisosTest.jefeCalidadPuedeVerProductosAgrupadosPorLotesRetenidos -- Time elapsed: 0.016 s <<< FAILURE!
java.lang.AssertionError: No value at JSON path "$[0].lotes[0].estado"
	at org.springframework.test.util.JsonPathExpectationsHelper.evaluateJsonPath(JsonPathExpectationsHelper.java:302)
	at org.springframework.test.util.JsonPathExpectationsHelper.assertValue(JsonPathExpectationsHelper.java:99)
	at org.springframework.test.web.servlet.result.JsonPathResultMatchers.lambda$value$2(JsonPathResultMatchers.java:111)
	at org.springframework.test.web.servlet.MockMvc$1.andExpect(MockMvc.java:214)
	at com.willyes.clemenintegra.inventario.controller.SeguridadPermisosTest.jefeCalidadPuedeVerProductosAgrupadosPorLotesRetenidos(SeguridadPermisosTest.java:97)
	at java.base/java.lang.reflect.Method.invoke(Method.java:580)
	at java.base/java.util.ArrayList.forEach(ArrayList.java:1596)
	at java.base/java.util.ArrayList.forEach(ArrayList.java:1596)
Caused by: com.jayway.jsonpath.PathNotFoundException: No results for path: $[0]['lotes'][0]['estado']

com.willyes.clemenintegra.inventario.controller.SeguridadPermisosTest.almacenistaPuedeRegistrarMovimiento -- Time elapsed: 0.041 s <<< FAILURE!
java.lang.AssertionError: Status expected:<201> but was:<500>
	at org.springframework.test.util.AssertionErrors.fail(AssertionErrors.java:59)
	at org.springframework.test.util.AssertionErrors.assertEquals(AssertionErrors.java:122)
	at org.springframework.test.web.servlet.result.StatusResultMatchers.lambda$matcher$9(StatusResultMatchers.java:637)
	at org.springframework.test.web.servlet.MockMvc$1.andExpect(MockMvc.java:214)
	at com.willyes.clemenintegra.inventario.controller.SeguridadPermisosTest.almacenistaPuedeRegistrarMovimiento(SeguridadPermisosTest.java:47)
	at java.base/java.lang.reflect.Method.invoke(Method.java:580)
	at java.base/java.util.ArrayList.forEach(ArrayList.java:1596)
	at java.base/java.util.ArrayList.forEach(ArrayList.java:1596)

