<?xml version="1.0" encoding="UTF-8"?>
<testsuite xmlns:xsi="http://www.w3.org/2001/XMLSchema-instance" xsi:noNamespaceSchemaLocation="https://maven.apache.org/surefire/maven-surefire-plugin/xsd/surefire-test-report-3.0.xsd" version="3.0" name="com.willyes.clemenintegra.inventario.controller.SeguridadPermisosTest" time="0.116" tests="7" errors="0" skipped="0" failures="3">
  <properties>
[...]
</properties>
  <testcase name="usuarioInactivoNoPuedeAcceder" classname="com.willyes.clemenintegra.inventario.controller.SeguridadPermisosTest" time="0.006">
    <system-out><![CDATA[2025-06-16T19:05:53.486-05:00  INFO 9464 --- [           main] t.c.s.AnnotationConfigContextLoaderUtils : Could not detect default configuration classes for test class [com.willyes.clemenintegra.inventario.controller.SeguridadPermisosTest]: SeguridadPermisosTest does not declare any static, non-private, non-final, nested classes annotated with @Configuration.
2025-06-16T19:05:53.496-05:00  INFO 9464 --- [           main] .b.t.c.SpringBootTestContextBootstrapper : Found @SpringBootConfiguration com.willyes.clemenintegra.ClemenIntegraApplication for test class com.willyes.clemenintegra.inventario.controller.SeguridadPermisosTest
]]></system-out>
  </testcase>
  <testcase name="jefeCalidadPuedeVerProductosRetenidos" classname="com.willyes.clemenintegra.inventario.controller.SeguridadPermisosTest" time="0.015">
    <failure message="No value at JSON path &quot;$[0].estadoLote&quot;" type="java.lang.AssertionError"><![CDATA[java.lang.AssertionError: No value at JSON path "$[0].estadoLote"
	at org.springframework.test.util.JsonPathExpectationsHelper.evaluateJsonPath(JsonPathExpectationsHelper.java:302)
	at org.springframework.test.util.JsonPathExpectationsHelper.assertValue(JsonPathExpectationsHelper.java:99)
	at org.springframework.test.web.servlet.result.JsonPathResultMatchers.lambda$value$2(JsonPathResultMatchers.java:111)
	at org.springframework.test.web.servlet.MockMvc$1.andExpect(MockMvc.java:214)
	at com.willyes.clemenintegra.inventario.controller.SeguridadPermisosTest.jefeCalidadPuedeVerProductosRetenidos(SeguridadPermisosTest.java:80)
	at java.base/java.lang.reflect.Method.invoke(Method.java:580)
	at java.base/java.util.ArrayList.forEach(ArrayList.java:1596)
	at java.base/java.util.ArrayList.forEach(ArrayList.java:1596)
Caused by: com.jayway.jsonpath.PathNotFoundException: No results for path: $[0]['estadoLote']
]]></failure>
    <system-out><![CDATA[Hibernate: select lp1_0.id,lp1_0.almacen_id,lp1_0.codigo_lote,lp1_0.estado,lp1_0.fecha_fabricacion,lp1_0.fecha_liberacion,lp1_0.fecha_vencimiento,lp1_0.orden_produccion_id,lp1_0.produccion_id,lp1_0.producto_id,lp1_0.stock_lote,lp1_0.temperatura_almacenamiento,lp1_0.usuario_liberador_id from lotes_productos lp1_0 where lp1_0.estado=?

MockHttpServletRequest:
      HTTP Method = GET
      Request URI = /api/productos/con-lotes
       Parameters = {estado=[RETENIDO]}
          Headers = []
             Body = null
    Session Attrs = {SPRING_SECURITY_CONTEXT=SecurityContextImpl [Authentication=UsernamePasswordAuthenticationToken [Principal=org.springframework.security.core.userdetails.User [Username=jefeCalidad, Password=[PROTECTED], Enabled=true, AccountNonExpired=true, CredentialsNonExpired=true, AccountNonLocked=true, Granted Authorities=[ROLE_JEFE_CALIDAD]], Credentials=[PROTECTED], Authenticated=true, Details=null, Granted Authorities=[ROLE_JEFE_CALIDAD]]]}

Handler:
             Type = com.willyes.clemenintegra.inventario.controller.ProductoController
           Method = com.willyes.clemenintegra.inventario.controller.ProductoController#productosConLotesPorEstado(String)

Async:
    Async started = false
     Async result = null

Resolved Exception:
             Type = null

ModelAndView:
        View name = null
             View = null
            Model = null

FlashMap:
       Attributes = null

MockHttpServletResponse:
           Status = 200
    Error message = null
          Headers = [Vary:"Origin", "Access-Control-Request-Method", "Access-Control-Request-Headers", Content-Type:"application/json", X-Content-Type-Options:"nosniff", X-XSS-Protection:"0", Cache-Control:"no-cache, no-store, max-age=0, must-revalidate", Pragma:"no-cache", Expires:"0", X-Frame-Options:"DENY"]
     Content type = application/json
             Body = []
    Forwarded URL = null
   Redirected URL = null
          Cookies = []
]]></system-out>
  </testcase>
  <testcase name="obtenerProductosConLotesRetenidos_debeRetornar200" classname="com.willyes.clemenintegra.inventario.controller.SeguridadPermisosTest" time="0.0">
    <system-out><![CDATA[Hibernate: select lp1_0.id,lp1_0.almacen_id,lp1_0.codigo_lote,lp1_0.estado,lp1_0.fecha_fabricacion,lp1_0.fecha_liberacion,lp1_0.fecha_vencimiento,lp1_0.orden_produccion_id,lp1_0.produccion_id,lp1_0.producto_id,lp1_0.stock_lote,lp1_0.temperatura_almacenamiento,lp1_0.usuario_liberador_id from lotes_productos lp1_0 where lp1_0.estado=?
]]></system-out>
  </testcase>
  <testcase name="jefeCalidadPuedeVerProductosAgrupadosPorLotesRetenidos" classname="com.willyes.clemenintegra.inventario.controller.SeguridadPermisosTest" time="0.016">
    <failure message="No value at JSON path &quot;$[0].lotes[0].estado&quot;" type="java.lang.AssertionError"><![CDATA[java.lang.AssertionError: No value at JSON path "$[0].lotes[0].estado"
	at org.springframework.test.util.JsonPathExpectationsHelper.evaluateJsonPath(JsonPathExpectationsHelper.java:302)
	at org.springframework.test.util.JsonPathExpectationsHelper.assertValue(JsonPathExpectationsHelper.java:99)
	at org.springframework.test.web.servlet.result.JsonPathResultMatchers.lambda$value$2(JsonPathResultMatchers.java:111)
	at org.springframework.test.web.servlet.MockMvc$1.andExpect(MockMvc.java:214)
	at com.willyes.clemenintegra.inventario.controller.SeguridadPermisosTest.jefeCalidadPuedeVerProductosAgrupadosPorLotesRetenidos(SeguridadPermisosTest.java:97)
	at java.base/java.lang.reflect.Method.invoke(Method.java:580)
	at java.base/java.util.ArrayList.forEach(ArrayList.java:1596)
	at java.base/java.util.ArrayList.forEach(ArrayList.java:1596)
Caused by: com.jayway.jsonpath.PathNotFoundException: No results for path: $[0]['lotes'][0]['estado']
]]></failure>
    <system-out><![CDATA[Hibernate: select lp1_0.id,lp1_0.almacen_id,lp1_0.codigo_lote,lp1_0.estado,lp1_0.fecha_fabricacion,lp1_0.fecha_liberacion,lp1_0.fecha_vencimiento,lp1_0.orden_produccion_id,lp1_0.produccion_id,lp1_0.producto_id,lp1_0.stock_lote,lp1_0.temperatura_almacenamiento,lp1_0.usuario_liberador_id from lotes_productos lp1_0 where lp1_0.estado=?

MockHttpServletRequest:
      HTTP Method = GET
      Request URI = /api/productos/agrupado-por-lotes
       Parameters = {estado=[RETENIDO]}
          Headers = []
             Body = null
    Session Attrs = {SPRING_SECURITY_CONTEXT=SecurityContextImpl [Authentication=UsernamePasswordAuthenticationToken [Principal=org.springframework.security.core.userdetails.User [Username=jefeCalidad, Password=[PROTECTED], Enabled=true, AccountNonExpired=true, CredentialsNonExpired=true, AccountNonLocked=true, Granted Authorities=[ROLE_JEFE_CALIDAD]], Credentials=[PROTECTED], Authenticated=true, Details=null, Granted Authorities=[ROLE_JEFE_CALIDAD]]]}

Handler:
             Type = com.willyes.clemenintegra.inventario.controller.ProductoController
           Method = com.willyes.clemenintegra.inventario.controller.ProductoController#productosAgrupadosPorLotesEnEstado(String)

Async:
    Async started = false
     Async result = null

Resolved Exception:
             Type = null

ModelAndView:
        View name = null
             View = null
            Model = null

FlashMap:
       Attributes = null

MockHttpServletResponse:
           Status = 200
    Error message = null
          Headers = [Vary:"Origin", "Access-Control-Request-Method", "Access-Control-Request-Headers", Content-Type:"application/json", X-Content-Type-Options:"nosniff", X-XSS-Protection:"0", Cache-Control:"no-cache, no-store, max-age=0, must-revalidate", Pragma:"no-cache", Expires:"0", X-Frame-Options:"DENY"]
     Content type = application/json
             Body = []
    Forwarded URL = null
   Redirected URL = null
          Cookies = []
]]></system-out>
  </testcase>
  <testcase name="almacenistaPuedeRegistrarMovimiento" classname="com.willyes.clemenintegra.inventario.controller.SeguridadPermisosTest" time="0.041">
    <failure message="Status expected:&lt;201&gt; but was:&lt;500&gt;" type="java.lang.AssertionError"><![CDATA[java.lang.AssertionError: Status expected:<201> but was:<500>
	at org.springframework.test.util.AssertionErrors.fail(AssertionErrors.java:59)
	at org.springframework.test.util.AssertionErrors.assertEquals(AssertionErrors.java:122)
	at org.springframework.test.web.servlet.result.StatusResultMatchers.lambda$matcher$9(StatusResultMatchers.java:637)
	at org.springframework.test.web.servlet.MockMvc$1.andExpect(MockMvc.java:214)
	at com.willyes.clemenintegra.inventario.controller.SeguridadPermisosTest.almacenistaPuedeRegistrarMovimiento(SeguridadPermisosTest.java:47)
	at java.base/java.lang.reflect.Method.invoke(Method.java:580)
	at java.base/java.util.ArrayList.forEach(ArrayList.java:1596)
	at java.base/java.util.ArrayList.forEach(ArrayList.java:1596)
]]></failure>
    <system-out><![CDATA[Hibernate: select p1_0.id,p1_0.activo,p1_0.categorias_producto_id,p1_0.codigo_sku,p1_0.usuarios_id,p1_0.descripcion_producto,p1_0.fecha_creacion,p1_0.nombre,p1_0.requiere_inspeccion,p1_0.stock_actual,p1_0.stock_minimo,p1_0.stock_minimo_proveedor,p1_0.unidades_medida_id from productos p1_0 where p1_0.id=?
Hibernate: select lp1_0.id,lp1_0.almacen_id,lp1_0.codigo_lote,lp1_0.estado,lp1_0.fecha_fabricacion,lp1_0.fecha_liberacion,lp1_0.fecha_vencimiento,lp1_0.orden_produccion_id,lp1_0.produccion_id,lp1_0.producto_id,lp1_0.stock_lote,lp1_0.temperatura_almacenamiento,lp1_0.usuario_liberador_id from lotes_productos lp1_0 where lp1_0.id=?

MockHttpServletRequest:
      HTTP Method = POST
      Request URI = /api/movimientos
       Parameters = {}
          Headers = [Content-Type:"application/json;charset=UTF-8", Content-Length:"282"]
             Body = {
   "cantidad": 5.0,
   "tipoMovimiento": "RECEPCION_COMPRA",
   "productoId": 1,
   "loteProductoId": 1,
   "almacenId": 1,
   "proveedorId": 1,
   "ordenCompraId": 1,
   "ordenCompraDetalleId": 1,
   "motivoMovimientoId": 1,
   "tipoMovimientoDetalleId": 1,
   "usuarioId": 1
 }

    Session Attrs = {SPRING_SECURITY_CONTEXT=SecurityContextImpl [Authentication=UsernamePasswordAuthenticationToken [Principal=org.springframework.security.core.userdetails.User [Username=almacenista, Password=[PROTECTED], Enabled=true, AccountNonExpired=true, CredentialsNonExpired=true, AccountNonLocked=true, Granted Authorities=[ROLE_ALMACENISTA]], Credentials=[PROTECTED], Authenticated=true, Details=null, Granted Authorities=[ROLE_ALMACENISTA]]]}

Handler:
             Type = com.willyes.clemenintegra.inventario.controller.MovimientoInventarioController
           Method = com.willyes.clemenintegra.inventario.controller.MovimientoInventarioController#registrar(MovimientoInventarioDTO)

Async:
    Async started = false
     Async result = null

Resolved Exception:
             Type = java.util.NoSuchElementException

ModelAndView:
        View name = null
             View = null
            Model = null

FlashMap:
       Attributes = null

MockHttpServletResponse:
           Status = 500
    Error message = null
          Headers = [Vary:"Origin", "Access-Control-Request-Method", "Access-Control-Request-Headers", Content-Type:"application/json", X-Content-Type-Options:"nosniff", X-XSS-Protection:"0", Cache-Control:"no-cache, no-store, max-age=0, must-revalidate", Pragma:"no-cache", Expires:"0", X-Frame-Options:"DENY"]
     Content type = application/json
             Body = {"timestamp":"2025-06-17T00:05:53.572454300Z","status":500,"error":"NoSuchElementException","message":"Lote no encontrado","path":"/api/movimientos"}
    Forwarded URL = null
   Redirected URL = null
          Cookies = []
]]></system-out>
  </testcase>
  <testcase name="almacenistaNoPuedeEditarOrdenCompra" classname="com.willyes.clemenintegra.inventario.controller.SeguridadPermisosTest" time="0.007"/>
  <testcase name="jefeCalidadPuedeConsultarProductos" classname="com.willyes.clemenintegra.inventario.controller.SeguridadPermisosTest" time="0.019">
    <system-out><![CDATA[Hibernate: select p1_0.id,p1_0.activo,p1_0.categorias_producto_id,p1_0.codigo_sku,p1_0.usuarios_id,p1_0.descripcion_producto,p1_0.fecha_creacion,p1_0.nombre,p1_0.requiere_inspeccion,p1_0.stock_actual,p1_0.stock_minimo,p1_0.stock_minimo_proveedor,p1_0.unidades_medida_id from productos p1_0
Hibernate: select um1_0.id,um1_0.nombre,um1_0.simbolo from unidades_medida um1_0 where um1_0.id=?
Hibernate: select cp1_0.id,cp1_0.nombre,cp1_0.tipo from categorias_producto cp1_0 where cp1_0.id=?
]]></system-out>
  </testcase>
</testsuite>