<?xml version="1.0" encoding="UTF-8"?>
<testsuite xmlns:xsi="http://www.w3.org/2001/XMLSchema-instance" xsi:noNamespaceSchemaLocation="https://maven.apache.org/surefire/maven-surefire-plugin/xsd/surefire-test-report-3.0.xsd" version="3.0" name="com.willyes.clemenintegra.calidad.controller.EvaluacionCalidadControllerTest" time="5.519" tests="2" errors="2" skipped="0" failures="0">
  <properties>
[...]
</properties>
  <testcase name="crearEvaluacionCalidad_debeRegistrarCorrectamente" classname="com.willyes.clemenintegra.calidad.controller.EvaluacionCalidadControllerTest" time="0.178">
    <error message="could not prepare statement [Columna &quot;U1_0.CODIGO_2FA&quot; no encontrada&#10;Column &quot;U1_0.CODIGO_2FA&quot; not found; SQL statement:&#10;select u1_0.id,u1_0.activo,u1_0.bloqueado,u1_0.clave,u1_0.codigo_2fa,u1_0.codigo_2fa_expira_en,u1_0.correo,u1_0.nombre_completo,u1_0.nombre_usuario,u1_0.rol from usuarios u1_0 where u1_0.nombre_usuario=? [42122-224]] [select u1_0.id,u1_0.activo,u1_0.bloqueado,u1_0.clave,u1_0.codigo_2fa,u1_0.codigo_2fa_expira_en,u1_0.correo,u1_0.nombre_completo,u1_0.nombre_usuario,u1_0.rol from usuarios u1_0 where u1_0.nombre_usuario=?]; SQL [select u1_0.id,u1_0.activo,u1_0.bloqueado,u1_0.clave,u1_0.codigo_2fa,u1_0.codigo_2fa_expira_en,u1_0.correo,u1_0.nombre_completo,u1_0.nombre_usuario,u1_0.rol from usuarios u1_0 where u1_0.nombre_usuario=?]" type="org.springframework.dao.InvalidDataAccessResourceUsageException"><![CDATA[org.springframework.dao.InvalidDataAccessResourceUsageException: 
could not prepare statement [Columna "U1_0.CODIGO_2FA" no encontrada
Column "U1_0.CODIGO_2FA" not found; SQL statement:
select u1_0.id,u1_0.activo,u1_0.bloqueado,u1_0.clave,u1_0.codigo_2fa,u1_0.codigo_2fa_expira_en,u1_0.correo,u1_0.nombre_completo,u1_0.nombre_usuario,u1_0.rol from usuarios u1_0 where u1_0.nombre_usuario=? [42122-224]] [select u1_0.id,u1_0.activo,u1_0.bloqueado,u1_0.clave,u1_0.codigo_2fa,u1_0.codigo_2fa_expira_en,u1_0.correo,u1_0.nombre_completo,u1_0.nombre_usuario,u1_0.rol from usuarios u1_0 where u1_0.nombre_usuario=?]; SQL [select u1_0.id,u1_0.activo,u1_0.bloqueado,u1_0.clave,u1_0.codigo_2fa,u1_0.codigo_2fa_expira_en,u1_0.correo,u1_0.nombre_completo,u1_0.nombre_usuario,u1_0.rol from usuarios u1_0 where u1_0.nombre_usuario=?]
	at org.springframework.orm.jpa.vendor.HibernateJpaDialect.convertHibernateAccessException(HibernateJpaDialect.java:277)
	at org.springframework.orm.jpa.vendor.HibernateJpaDialect.translateExceptionIfPossible(HibernateJpaDialect.java:241)
	at org.springframework.orm.jpa.AbstractEntityManagerFactoryBean.translateExceptionIfPossible(AbstractEntityManagerFactoryBean.java:550)
	at org.springframework.dao.support.ChainedPersistenceExceptionTranslator.translateExceptionIfPossible(ChainedPersistenceExceptionTranslator.java:61)
	at org.springframework.dao.support.DataAccessUtils.translateIfNecessary(DataAccessUtils.java:335)
	at org.springframework.dao.support.PersistenceExceptionTranslationInterceptor.invoke(PersistenceExceptionTranslationInterceptor.java:152)
	at org.springframework.aop.framework.ReflectiveMethodInvocation.proceed(ReflectiveMethodInvocation.java:184)
	at org.springframework.data.jpa.repository.support.CrudMethodMetadataPostProcessor$CrudMethodMetadataPopulatingMethodInterceptor.invoke(CrudMethodMetadataPostProcessor.java:135)
	at org.springframework.aop.framework.ReflectiveMethodInvocation.proceed(ReflectiveMethodInvocation.java:184)
	at org.springframework.aop.interceptor.ExposeInvocationInterceptor.invoke(ExposeInvocationInterceptor.java:97)
	at org.springframework.aop.framework.ReflectiveMethodInvocation.proceed(ReflectiveMethodInvocation.java:184)
	at org.springframework.aop.framework.JdkDynamicAopProxy.invoke(JdkDynamicAopProxy.java:220)
	at jdk.proxy2/jdk.proxy2.$Proxy199.findByNombreUsuario(Unknown Source)
	at com.willyes.clemenintegra.calidad.controller.EvaluacionCalidadControllerTest.crearEvaluacionCalidad_debeRegistrarCorrectamente(EvaluacionCalidadControllerTest.java:57)
	at java.base/java.lang.reflect.Method.invoke(Method.java:580)
	at java.base/java.util.ArrayList.forEach(ArrayList.java:1596)
	at java.base/java.util.ArrayList.forEach(ArrayList.java:1596)
Caused by: org.hibernate.exception.SQLGrammarException: could not prepare statement [Columna "U1_0.CODIGO_2FA" no encontrada
Column "U1_0.CODIGO_2FA" not found; SQL statement:
select u1_0.id,u1_0.activo,u1_0.bloqueado,u1_0.clave,u1_0.codigo_2fa,u1_0.codigo_2fa_expira_en,u1_0.correo,u1_0.nombre_completo,u1_0.nombre_usuario,u1_0.rol from usuarios u1_0 where u1_0.nombre_usuario=? [42122-224]] [select u1_0.id,u1_0.activo,u1_0.bloqueado,u1_0.clave,u1_0.codigo_2fa,u1_0.codigo_2fa_expira_en,u1_0.correo,u1_0.nombre_completo,u1_0.nombre_usuario,u1_0.rol from usuarios u1_0 where u1_0.nombre_usuario=?]
	at org.hibernate.exception.internal.SQLExceptionTypeDelegate.convert(SQLExceptionTypeDelegate.java:66)
	at org.hibernate.exception.internal.StandardSQLExceptionConverter.convert(StandardSQLExceptionConverter.java:58)
	at org.hibernate.engine.jdbc.spi.SqlExceptionHelper.convert(SqlExceptionHelper.java:108)
	at org.hibernate.engine.jdbc.internal.StatementPreparerImpl$StatementPreparationTemplate.prepareStatement(StatementPreparerImpl.java:194)
	at org.hibernate.engine.jdbc.internal.StatementPreparerImpl.prepareQueryStatement(StatementPreparerImpl.java:155)
	at org.hibernate.sql.exec.spi.JdbcSelectExecutor.lambda$list$0(JdbcSelectExecutor.java:85)
	at org.hibernate.sql.results.jdbc.internal.DeferredResultSetAccess.executeQuery(DeferredResultSetAccess.java:231)
	at org.hibernate.sql.results.jdbc.internal.DeferredResultSetAccess.getResultSet(DeferredResultSetAccess.java:167)
	at org.hibernate.sql.results.jdbc.internal.JdbcValuesResultSetImpl.advanceNext(JdbcValuesResultSetImpl.java:218)
	at org.hibernate.sql.results.jdbc.internal.JdbcValuesResultSetImpl.processNext(JdbcValuesResultSetImpl.java:98)
	at org.hibernate.sql.results.jdbc.internal.AbstractJdbcValues.next(AbstractJdbcValues.java:19)
	at org.hibernate.sql.results.internal.RowProcessingStateStandardImpl.next(RowProcessingStateStandardImpl.java:66)
	at org.hibernate.sql.results.spi.ListResultsConsumer.consume(ListResultsConsumer.java:202)
	at org.hibernate.sql.results.spi.ListResultsConsumer.consume(ListResultsConsumer.java:33)
	at org.hibernate.sql.exec.internal.JdbcSelectExecutorStandardImpl.doExecuteQuery(JdbcSelectExecutorStandardImpl.java:209)
	at org.hibernate.sql.exec.internal.JdbcSelectExecutorStandardImpl.executeQuery(JdbcSelectExecutorStandardImpl.java:83)
	at org.hibernate.sql.exec.spi.JdbcSelectExecutor.list(JdbcSelectExecutor.java:76)
	at org.hibernate.sql.exec.spi.JdbcSelectExecutor.list(JdbcSelectExecutor.java:65)
	at org.hibernate.query.sqm.internal.ConcreteSqmSelectQueryPlan.lambda$new$2(ConcreteSqmSelectQueryPlan.java:137)
	at org.hibernate.query.sqm.internal.ConcreteSqmSelectQueryPlan.withCacheableSqmInterpretation(ConcreteSqmSelectQueryPlan.java:362)
	at org.hibernate.query.sqm.internal.ConcreteSqmSelectQueryPlan.performList(ConcreteSqmSelectQueryPlan.java:303)
	at org.hibernate.query.sqm.internal.QuerySqmImpl.doList(QuerySqmImpl.java:509)
	at org.hibernate.query.spi.AbstractSelectionQuery.list(AbstractSelectionQuery.java:427)
	at org.hibernate.query.spi.AbstractSelectionQuery.getSingleResult(AbstractSelectionQuery.java:564)
	at java.base/jdk.internal.reflect.DirectMethodHandleAccessor.invoke(DirectMethodHandleAccessor.java:103)
	at java.base/java.lang.reflect.Method.invoke(Method.java:580)
	at org.springframework.orm.jpa.SharedEntityManagerCreator$DeferredQueryInvocationHandler.invoke(SharedEntityManagerCreator.java:415)
	at jdk.proxy2/jdk.proxy2.$Proxy242.getSingleResult(Unknown Source)
	at org.springframework.data.jpa.repository.query.JpaQueryExecution$SingleEntityExecution.doExecute(JpaQueryExecution.java:223)
	at org.springframework.data.jpa.repository.query.JpaQueryExecution.execute(JpaQueryExecution.java:92)
	at org.springframework.data.jpa.repository.query.AbstractJpaQuery.doExecute(AbstractJpaQuery.java:149)
	at org.springframework.data.jpa.repository.query.AbstractJpaQuery.execute(AbstractJpaQuery.java:137)
	at org.springframework.data.repository.core.support.RepositoryMethodInvoker.doInvoke(RepositoryMethodInvoker.java:170)
	at org.springframework.data.repository.core.support.RepositoryMethodInvoker.invoke(RepositoryMethodInvoker.java:158)
	at org.springframework.data.repository.core.support.QueryExecutorMethodInterceptor.doInvoke(QueryExecutorMethodInterceptor.java:164)
	at org.springframework.data.repository.core.support.QueryExecutorMethodInterceptor.invoke(QueryExecutorMethodInterceptor.java:143)
	at org.springframework.aop.framework.ReflectiveMethodInvocation.proceed(ReflectiveMethodInvocation.java:184)
	at org.springframework.data.projection.DefaultMethodInvokingMethodInterceptor.invoke(DefaultMethodInvokingMethodInterceptor.java:70)
	at org.springframework.aop.framework.ReflectiveMethodInvocation.proceed(ReflectiveMethodInvocation.java:184)
	at org.springframework.transaction.interceptor.TransactionInterceptor$1.proceedWithInvocation(TransactionInterceptor.java:123)
	at org.springframework.transaction.interceptor.TransactionAspectSupport.invokeWithinTransaction(TransactionAspectSupport.java:385)
	at org.springframework.transaction.interceptor.TransactionInterceptor.invoke(TransactionInterceptor.java:119)
	at org.springframework.aop.framework.ReflectiveMethodInvocation.proceed(ReflectiveMethodInvocation.java:184)
	at org.springframework.dao.support.PersistenceExceptionTranslationInterceptor.invoke(PersistenceExceptionTranslationInterceptor.java:137)
	... 11 more
Caused by: org.h2.jdbc.JdbcSQLSyntaxErrorException: Columna "U1_0.CODIGO_2FA" no encontrada
Column "U1_0.CODIGO_2FA" not found; SQL statement:
select u1_0.id,u1_0.activo,u1_0.bloqueado,u1_0.clave,u1_0.codigo_2fa,u1_0.codigo_2fa_expira_en,u1_0.correo,u1_0.nombre_completo,u1_0.nombre_usuario,u1_0.rol from usuarios u1_0 where u1_0.nombre_usuario=? [42122-224]
	at org.h2.message.DbException.getJdbcSQLException(DbException.java:514)
	at org.h2.message.DbException.getJdbcSQLException(DbException.java:489)
	at org.h2.message.DbException.get(DbException.java:223)
	at org.h2.message.DbException.get(DbException.java:199)
	at org.h2.expression.ExpressionColumn.getColumnException(ExpressionColumn.java:244)
	at org.h2.expression.ExpressionColumn.optimizeOther(ExpressionColumn.java:226)
	at org.h2.expression.ExpressionColumn.optimize(ExpressionColumn.java:213)
	at org.h2.command.query.Select.prepareExpressions(Select.java:1170)
	at org.h2.command.query.Query.prepare(Query.java:218)
	at org.h2.command.Parser.prepareCommand(Parser.java:489)
	at org.h2.engine.SessionLocal.prepareLocal(SessionLocal.java:639)
	at org.h2.engine.SessionLocal.prepareCommand(SessionLocal.java:559)
	at org.h2.jdbc.JdbcConnection.prepareCommand(JdbcConnection.java:1166)
	at org.h2.jdbc.JdbcPreparedStatement.<init>(JdbcPreparedStatement.java:93)
	at org.h2.jdbc.JdbcConnection.prepareStatement(JdbcConnection.java:316)
	at com.zaxxer.hikari.pool.ProxyConnection.prepareStatement(ProxyConnection.java:327)
	at com.zaxxer.hikari.pool.HikariProxyConnection.prepareStatement(HikariProxyConnection.java)
	at org.hibernate.engine.jdbc.internal.StatementPreparerImpl$5.doPrepare(StatementPreparerImpl.java:153)
	at org.hibernate.engine.jdbc.internal.StatementPreparerImpl$StatementPreparationTemplate.prepareStatement(StatementPreparerImpl.java:183)
	... 51 more
]]></error>
    <system-out><![CDATA[2025-06-16T19:05:42.565-05:00  INFO 9464 --- [           main] t.c.s.AnnotationConfigContextLoaderUtils : Could not detect default configuration classes for test class [com.willyes.clemenintegra.calidad.controller.EvaluacionCalidadControllerTest]: EvaluacionCalidadControllerTest does not declare any static, non-private, non-final, nested classes annotated with @Configuration.
2025-06-16T19:05:42.575-05:00  INFO 9464 --- [           main] .b.t.c.SpringBootTestContextBootstrapper : Found @SpringBootConfiguration com.willyes.clemenintegra.ClemenIntegraApplication for test class com.willyes.clemenintegra.calidad.controller.EvaluacionCalidadControllerTest

  .   ____          _            __ _ _
 /\\ / ___'_ __ _ _(_)_ __  __ _ \ \ \ \
( ( )\___ | '_ | '_| | '_ \/ _` | \ \ \ \
 \\/  ___)| |_)| | | | | || (_| |  ) ) ) )
  '  |____| .__|_| |_|_| |_\__, | / / / /
 =========|_|==============|___/=/_/_/_/
 :: Spring Boot ::                (v3.2.3)

2025-06-16T19:05:42.614-05:00  INFO 9464 --- [           main] .w.c.c.c.EvaluacionCalidadControllerTest : Starting EvaluacionCalidadControllerTest using Java 21.0.7 with PID 9464 (started by Yuset in C:\Users\Yuset\Proyectos\EdwTech Solutions\clemen-integra-inventario)
2025-06-16T19:05:42.614-05:00  INFO 9464 --- [           main] .w.c.c.c.EvaluacionCalidadControllerTest : The following 1 profile is active: "test"
2025-06-16T19:05:43.363-05:00  INFO 9464 --- [           main] .s.d.r.c.RepositoryConfigurationDelegate : Bootstrapping Spring Data JPA repositories in DEFAULT mode.
2025-06-16T19:05:43.588-05:00  INFO 9464 --- [           main] .s.d.r.c.RepositoryConfigurationDelegate : Finished Spring Data repository scanning in 218 ms. Found 30 JPA repository interfaces.
2025-06-16T19:05:43.917-05:00  INFO 9464 --- [           main] o.hibernate.jpa.internal.util.LogHelper  : HHH000204: Processing PersistenceUnitInfo [name: default]
2025-06-16T19:05:43.980-05:00  INFO 9464 --- [           main] org.hibernate.Version                    : HHH000412: Hibernate ORM core version 6.4.4.Final
2025-06-16T19:05:44.029-05:00  INFO 9464 --- [           main] o.h.c.internal.RegionFactoryInitiator    : HHH000026: Second-level cache disabled
2025-06-16T19:05:44.141-05:00  INFO 9464 --- [           main] o.s.o.j.p.SpringPersistenceUnitInfo      : No LoadTimeWeaver setup: ignoring JPA class transformer
2025-06-16T19:05:44.157-05:00  INFO 9464 --- [           main] com.zaxxer.hikari.HikariDataSource       : HikariPool-1 - Starting...
2025-06-16T19:05:44.349-05:00  INFO 9464 --- [           main] com.zaxxer.hikari.pool.HikariPool        : HikariPool-1 - Added connection conn0: url=jdbc:h2:mem:testdb user=SA
2025-06-16T19:05:44.349-05:00  INFO 9464 --- [           main] com.zaxxer.hikari.HikariDataSource       : HikariPool-1 - Start completed.
2025-06-16T19:05:44.380-05:00  WARN 9464 --- [           main] org.hibernate.dialect.Dialect            : HHH000511: The 2.2.0 version for [org.hibernate.dialect.MySQLDialect] is no longer supported, hence certain features may not work properly. The minimum supported version is 8.0.0. Check the community dialects project for available legacy versions.
2025-06-16T19:05:44.380-05:00  WARN 9464 --- [           main] org.hibernate.orm.deprecation            : HHH90000025: MySQLDialect does not need to be specified explicitly using 'hibernate.dialect' (remove the property setting and it will be selected by default)
2025-06-16T19:05:44.436-05:00 DEBUG 9464 --- [           main] o.h.t.d.sql.spi.DdlTypeRegistry          : addDescriptor(12, org.hibernate.type.descriptor.sql.internal.CapacityDependentDdlType@2898cd46) replaced previous registration(org.hibernate.type.descriptor.sql.internal.CapacityDependentDdlType@7ebf5bf)
2025-06-16T19:05:44.436-05:00 DEBUG 9464 --- [           main] o.h.t.d.sql.spi.DdlTypeRegistry          : addDescriptor(-9, org.hibernate.type.descriptor.sql.internal.CapacityDependentDdlType@5d8cbb32) replaced previous registration(org.hibernate.type.descriptor.sql.internal.CapacityDependentDdlType@46aa5294)
2025-06-16T19:05:44.436-05:00 DEBUG 9464 --- [           main] o.h.t.d.sql.spi.DdlTypeRegistry          : addDescriptor(-3, org.hibernate.type.descriptor.sql.internal.CapacityDependentDdlType@283645fa) replaced previous registration(org.hibernate.type.descriptor.sql.internal.CapacityDependentDdlType@70a81b4e)
2025-06-16T19:05:44.436-05:00 DEBUG 9464 --- [           main] o.h.t.d.sql.spi.DdlTypeRegistry          : addDescriptor(4003, org.hibernate.type.descriptor.sql.internal.DdlTypeImpl@48c56b42) replaced previous registration(org.hibernate.type.descriptor.sql.internal.DdlTypeImpl@5c6fae3c)
2025-06-16T19:05:44.436-05:00 DEBUG 9464 --- [           main] o.h.t.d.sql.spi.DdlTypeRegistry          : addDescriptor(4001, org.hibernate.type.descriptor.sql.internal.DdlTypeImpl@466c39de) replaced previous registration(org.hibernate.type.descriptor.sql.internal.DdlTypeImpl@762e3836)
2025-06-16T19:05:44.436-05:00 DEBUG 9464 --- [           main] o.h.t.d.sql.spi.DdlTypeRegistry          : addDescriptor(4002, org.hibernate.type.descriptor.sql.internal.DdlTypeImpl@15d2c2ca) replaced previous registration(org.hibernate.type.descriptor.sql.internal.DdlTypeImpl@346d8002)
2025-06-16T19:05:44.436-05:00 DEBUG 9464 --- [           main] o.h.t.d.sql.spi.DdlTypeRegistry          : addDescriptor(2004, org.hibernate.type.descriptor.sql.internal.CapacityDependentDdlType@1368ed98) replaced previous registration(org.hibernate.type.descriptor.sql.internal.DdlTypeImpl@1400984b)
2025-06-16T19:05:44.436-05:00 DEBUG 9464 --- [           main] o.h.t.d.sql.spi.DdlTypeRegistry          : addDescriptor(2005, org.hibernate.type.descriptor.sql.internal.CapacityDependentDdlType@17c7cc93) replaced previous registration(org.hibernate.type.descriptor.sql.internal.DdlTypeImpl@4ff233f9)
2025-06-16T19:05:44.436-05:00 DEBUG 9464 --- [           main] o.h.t.d.sql.spi.DdlTypeRegistry          : addDescriptor(2011, org.hibernate.type.descriptor.sql.internal.CapacityDependentDdlType@1b2213b2) replaced previous registration(org.hibernate.type.descriptor.sql.internal.DdlTypeImpl@bf0025d)
2025-06-16T19:05:45.621-05:00  INFO 9464 --- [           main] o.h.e.t.j.p.i.JtaPlatformInitiator       : HHH000489: No JTA platform available (set 'hibernate.transaction.jta.platform' to enable JTA platform integration)
2025-06-16T19:05:45.621-05:00  INFO 9464 --- [           main] j.LocalContainerEntityManagerFactoryBean : Initialized JPA EntityManagerFactory for persistence unit 'default'
2025-06-16T19:05:46.514-05:00  INFO 9464 --- [           main] o.s.d.j.r.query.QueryEnhancerFactory     : Hibernate is in classpath; If applicable, HQL parser will be used.
2025-06-16T19:05:47.317-05:00  WARN 9464 --- [           main] JpaBaseConfiguration$JpaWebConfiguration : spring.jpa.open-in-view is enabled by default. Therefore, database queries may be performed during view rendering. Explicitly configure spring.jpa.open-in-view to disable this warning
2025-06-16T19:05:47.470-05:00  INFO 9464 --- [           main] o.s.s.web.DefaultSecurityFilterChain     : Will secure any request with [org.springframework.security.web.session.DisableEncodeUrlFilter@68fa9450, org.springframework.security.web.context.request.async.WebAsyncManagerIntegrationFilter@64e443c1, org.springframework.security.web.context.SecurityContextHolderFilter@3de1ec44, org.springframework.security.web.header.HeaderWriterFilter@73987a07, org.springframework.web.filter.CorsFilter@3e084d2f, org.springframework.security.web.authentication.logout.LogoutFilter@3f550524, org.springframework.security.web.savedrequest.RequestCacheAwareFilter@53e6c75c, org.springframework.security.web.servletapi.SecurityContextHolderAwareRequestFilter@3d9c46e6, org.springframework.security.web.authentication.AnonymousAuthenticationFilter@21232691, org.springframework.security.web.access.ExceptionTranslationFilter@1cae5759, org.springframework.security.web.access.intercept.AuthorizationFilter@143170b7]
2025-06-16T19:05:47.485-05:00  INFO 9464 --- [           main] o.s.s.web.DefaultSecurityFilterChain     : Will secure any request with [org.springframework.security.web.session.DisableEncodeUrlFilter@6586480a, org.springframework.security.web.context.request.async.WebAsyncManagerIntegrationFilter@4962f58e, org.springframework.security.web.context.SecurityContextHolderFilter@1849c0af, org.springframework.security.web.header.HeaderWriterFilter@9322cfe, org.springframework.web.filter.CorsFilter@30ecf828, org.springframework.security.web.authentication.logout.LogoutFilter@3c42114d, com.willyes.clemenintegra.shared.security.JwtAuthenticationFilter@43ebc9b5, com.willyes.clemenintegra.shared.security.UsuarioInactivoFilter@3cbd8edb, org.springframework.security.web.savedrequest.RequestCacheAwareFilter@1b4bfdb, org.springframework.security.web.servletapi.SecurityContextHolderAwareRequestFilter@19f926cf, org.springframework.security.web.authentication.AnonymousAuthenticationFilter@65c5c319, org.springframework.security.web.session.SessionManagementFilter@3c29ef6e, org.springframework.security.web.access.ExceptionTranslationFilter@e320f5, org.springframework.security.web.access.intercept.AuthorizationFilter@48b3a9ed]
2025-06-16T19:05:47.708-05:00  INFO 9464 --- [           main] o.s.b.a.h2.H2ConsoleAutoConfiguration    : H2 console available at '/h2-console'. Database available at 'jdbc:h2:mem:testdb'
2025-06-16T19:05:47.846-05:00  INFO 9464 --- [           main] o.s.b.t.m.w.SpringBootMockServletContext : Initializing Spring TestDispatcherServlet ''
2025-06-16T19:05:47.846-05:00  INFO 9464 --- [           main] o.s.t.web.servlet.TestDispatcherServlet  : Initializing Servlet ''
2025-06-16T19:05:47.859-05:00  INFO 9464 --- [           main] o.s.t.web.servlet.TestDispatcherServlet  : Completed initialization in 13 ms
2025-06-16T19:05:47.863-05:00  INFO 9464 --- [           main] .w.c.c.c.EvaluacionCalidadControllerTest : Started EvaluacionCalidadControllerTest in 5.284 seconds (process running for 11.125)
2025-06-16T19:05:47.955-05:00 DEBUG 9464 --- [           main] org.hibernate.SQL                        : select lp1_0.id,lp1_0.almacen_id,lp1_0.codigo_lote,lp1_0.estado,lp1_0.fecha_fabricacion,lp1_0.fecha_liberacion,lp1_0.fecha_vencimiento,lp1_0.orden_produccion_id,lp1_0.produccion_id,lp1_0.producto_id,lp1_0.stock_lote,lp1_0.temperatura_almacenamiento,lp1_0.usuario_liberador_id from lotes_productos lp1_0
Hibernate: select lp1_0.id,lp1_0.almacen_id,lp1_0.codigo_lote,lp1_0.estado,lp1_0.fecha_fabricacion,lp1_0.fecha_liberacion,lp1_0.fecha_vencimiento,lp1_0.orden_produccion_id,lp1_0.produccion_id,lp1_0.producto_id,lp1_0.stock_lote,lp1_0.temperatura_almacenamiento,lp1_0.usuario_liberador_id from lotes_productos lp1_0
2025-06-16T19:05:47.989-05:00  INFO 9464 --- [           main] .w.c.c.c.EvaluacionCalidadControllerTest : 📦 Lote: LOTE-VENCIDO-001 | Producto ID: 1
2025-06-16T19:05:47.989-05:00  INFO 9464 --- [           main] .w.c.c.c.EvaluacionCalidadControllerTest : 📦 Lote: LOTE-EN_CUARENTENA-001 | Producto ID: 1
2025-06-16T19:05:47.989-05:00  INFO 9464 --- [           main] .w.c.c.c.EvaluacionCalidadControllerTest : 📦 Lote: LOTE-PRUEBA-001 | Producto ID: 2
2025-06-16T19:05:47.989-05:00  INFO 9464 --- [           main] .w.c.c.c.EvaluacionCalidadControllerTest : 📦 Lote: LOTE-RETENIDO-001 | Producto ID: 1
2025-06-16T19:05:48.036-05:00 DEBUG 9464 --- [           main] org.hibernate.SQL                        : select lp1_0.id,lp1_0.almacen_id,lp1_0.codigo_lote,lp1_0.estado,lp1_0.fecha_fabricacion,lp1_0.fecha_liberacion,lp1_0.fecha_vencimiento,lp1_0.orden_produccion_id,lp1_0.produccion_id,lp1_0.producto_id,lp1_0.stock_lote,lp1_0.temperatura_almacenamiento,lp1_0.usuario_liberador_id from lotes_productos lp1_0 where lp1_0.codigo_lote=?
Hibernate: select lp1_0.id,lp1_0.almacen_id,lp1_0.codigo_lote,lp1_0.estado,lp1_0.fecha_fabricacion,lp1_0.fecha_liberacion,lp1_0.fecha_vencimiento,lp1_0.orden_produccion_id,lp1_0.produccion_id,lp1_0.producto_id,lp1_0.stock_lote,lp1_0.temperatura_almacenamiento,lp1_0.usuario_liberador_id from lotes_productos lp1_0 where lp1_0.codigo_lote=?
2025-06-16T19:05:48.036-05:00 DEBUG 9464 --- [           main] org.hibernate.SQL                        : select u1_0.id,u1_0.activo,u1_0.bloqueado,u1_0.clave,u1_0.codigo_2fa,u1_0.codigo_2fa_expira_en,u1_0.correo,u1_0.nombre_completo,u1_0.nombre_usuario,u1_0.rol from usuarios u1_0 where u1_0.nombre_usuario=?
Hibernate: select u1_0.id,u1_0.activo,u1_0.bloqueado,u1_0.clave,u1_0.codigo_2fa,u1_0.codigo_2fa_expira_en,u1_0.correo,u1_0.nombre_completo,u1_0.nombre_usuario,u1_0.rol from usuarios u1_0 where u1_0.nombre_usuario=?
2025-06-16T19:05:48.036-05:00  WARN 9464 --- [           main] o.h.engine.jdbc.spi.SqlExceptionHelper   : SQL Error: 42122, SQLState: 42S22
2025-06-16T19:05:48.036-05:00 ERROR 9464 --- [           main] o.h.engine.jdbc.spi.SqlExceptionHelper   : Columna "U1_0.CODIGO_2FA" no encontrada
Column "U1_0.CODIGO_2FA" not found; SQL statement:
select u1_0.id,u1_0.activo,u1_0.bloqueado,u1_0.clave,u1_0.codigo_2fa,u1_0.codigo_2fa_expira_en,u1_0.correo,u1_0.nombre_completo,u1_0.nombre_usuario,u1_0.rol from usuarios u1_0 where u1_0.nombre_usuario=? [42122-224]
]]></system-out>
  </testcase>
  <testcase name="evaluarLoteYVerificarCambioEstadoALiberado" classname="com.willyes.clemenintegra.calidad.controller.EvaluacionCalidadControllerTest" time="0.027">
    <error message="could not prepare statement [Columna &quot;U1_0.CODIGO_2FA&quot; no encontrada&#10;Column &quot;U1_0.CODIGO_2FA&quot; not found; SQL statement:&#10;select u1_0.id,u1_0.activo,u1_0.bloqueado,u1_0.clave,u1_0.codigo_2fa,u1_0.codigo_2fa_expira_en,u1_0.correo,u1_0.nombre_completo,u1_0.nombre_usuario,u1_0.rol from usuarios u1_0 where u1_0.nombre_usuario=? [42122-224]] [select u1_0.id,u1_0.activo,u1_0.bloqueado,u1_0.clave,u1_0.codigo_2fa,u1_0.codigo_2fa_expira_en,u1_0.correo,u1_0.nombre_completo,u1_0.nombre_usuario,u1_0.rol from usuarios u1_0 where u1_0.nombre_usuario=?]; SQL [select u1_0.id,u1_0.activo,u1_0.bloqueado,u1_0.clave,u1_0.codigo_2fa,u1_0.codigo_2fa_expira_en,u1_0.correo,u1_0.nombre_completo,u1_0.nombre_usuario,u1_0.rol from usuarios u1_0 where u1_0.nombre_usuario=?]" type="org.springframework.dao.InvalidDataAccessResourceUsageException"><![CDATA[org.springframework.dao.InvalidDataAccessResourceUsageException: 
could not prepare statement [Columna "U1_0.CODIGO_2FA" no encontrada
Column "U1_0.CODIGO_2FA" not found; SQL statement:
select u1_0.id,u1_0.activo,u1_0.bloqueado,u1_0.clave,u1_0.codigo_2fa,u1_0.codigo_2fa_expira_en,u1_0.correo,u1_0.nombre_completo,u1_0.nombre_usuario,u1_0.rol from usuarios u1_0 where u1_0.nombre_usuario=? [42122-224]] [select u1_0.id,u1_0.activo,u1_0.bloqueado,u1_0.clave,u1_0.codigo_2fa,u1_0.codigo_2fa_expira_en,u1_0.correo,u1_0.nombre_completo,u1_0.nombre_usuario,u1_0.rol from usuarios u1_0 where u1_0.nombre_usuario=?]; SQL [select u1_0.id,u1_0.activo,u1_0.bloqueado,u1_0.clave,u1_0.codigo_2fa,u1_0.codigo_2fa_expira_en,u1_0.correo,u1_0.nombre_completo,u1_0.nombre_usuario,u1_0.rol from usuarios u1_0 where u1_0.nombre_usuario=?]
	at org.springframework.orm.jpa.vendor.HibernateJpaDialect.convertHibernateAccessException(HibernateJpaDialect.java:277)
	at org.springframework.orm.jpa.vendor.HibernateJpaDialect.translateExceptionIfPossible(HibernateJpaDialect.java:241)
	at org.springframework.orm.jpa.AbstractEntityManagerFactoryBean.translateExceptionIfPossible(AbstractEntityManagerFactoryBean.java:550)
	at org.springframework.dao.support.ChainedPersistenceExceptionTranslator.translateExceptionIfPossible(ChainedPersistenceExceptionTranslator.java:61)
	at org.springframework.dao.support.DataAccessUtils.translateIfNecessary(DataAccessUtils.java:335)
	at org.springframework.dao.support.PersistenceExceptionTranslationInterceptor.invoke(PersistenceExceptionTranslationInterceptor.java:152)
	at org.springframework.aop.framework.ReflectiveMethodInvocation.proceed(ReflectiveMethodInvocation.java:184)
	at org.springframework.data.jpa.repository.support.CrudMethodMetadataPostProcessor$CrudMethodMetadataPopulatingMethodInterceptor.invoke(CrudMethodMetadataPostProcessor.java:135)
	at org.springframework.aop.framework.ReflectiveMethodInvocation.proceed(ReflectiveMethodInvocation.java:184)
	at org.springframework.aop.interceptor.ExposeInvocationInterceptor.invoke(ExposeInvocationInterceptor.java:97)
	at org.springframework.aop.framework.ReflectiveMethodInvocation.proceed(ReflectiveMethodInvocation.java:184)
	at org.springframework.aop.framework.JdkDynamicAopProxy.invoke(JdkDynamicAopProxy.java:220)
	at jdk.proxy2/jdk.proxy2.$Proxy199.findByNombreUsuario(Unknown Source)
	at com.willyes.clemenintegra.calidad.controller.EvaluacionCalidadControllerTest.evaluarLoteYVerificarCambioEstadoALiberado(EvaluacionCalidadControllerTest.java:89)
	at java.base/java.lang.reflect.Method.invoke(Method.java:580)
	at java.base/java.util.ArrayList.forEach(ArrayList.java:1596)
	at java.base/java.util.ArrayList.forEach(ArrayList.java:1596)
Caused by: org.hibernate.exception.SQLGrammarException: could not prepare statement [Columna "U1_0.CODIGO_2FA" no encontrada
Column "U1_0.CODIGO_2FA" not found; SQL statement:
select u1_0.id,u1_0.activo,u1_0.bloqueado,u1_0.clave,u1_0.codigo_2fa,u1_0.codigo_2fa_expira_en,u1_0.correo,u1_0.nombre_completo,u1_0.nombre_usuario,u1_0.rol from usuarios u1_0 where u1_0.nombre_usuario=? [42122-224]] [select u1_0.id,u1_0.activo,u1_0.bloqueado,u1_0.clave,u1_0.codigo_2fa,u1_0.codigo_2fa_expira_en,u1_0.correo,u1_0.nombre_completo,u1_0.nombre_usuario,u1_0.rol from usuarios u1_0 where u1_0.nombre_usuario=?]
	at org.hibernate.exception.internal.SQLExceptionTypeDelegate.convert(SQLExceptionTypeDelegate.java:66)
	at org.hibernate.exception.internal.StandardSQLExceptionConverter.convert(StandardSQLExceptionConverter.java:58)
	at org.hibernate.engine.jdbc.spi.SqlExceptionHelper.convert(SqlExceptionHelper.java:108)
	at org.hibernate.engine.jdbc.internal.StatementPreparerImpl$StatementPreparationTemplate.prepareStatement(StatementPreparerImpl.java:194)
	at org.hibernate.engine.jdbc.internal.StatementPreparerImpl.prepareQueryStatement(StatementPreparerImpl.java:155)
	at org.hibernate.sql.exec.spi.JdbcSelectExecutor.lambda$list$0(JdbcSelectExecutor.java:85)
	at org.hibernate.sql.results.jdbc.internal.DeferredResultSetAccess.executeQuery(DeferredResultSetAccess.java:231)
	at org.hibernate.sql.results.jdbc.internal.DeferredResultSetAccess.getResultSet(DeferredResultSetAccess.java:167)
	at org.hibernate.sql.results.jdbc.internal.JdbcValuesResultSetImpl.advanceNext(JdbcValuesResultSetImpl.java:218)
	at org.hibernate.sql.results.jdbc.internal.JdbcValuesResultSetImpl.processNext(JdbcValuesResultSetImpl.java:98)
	at org.hibernate.sql.results.jdbc.internal.AbstractJdbcValues.next(AbstractJdbcValues.java:19)
	at org.hibernate.sql.results.internal.RowProcessingStateStandardImpl.next(RowProcessingStateStandardImpl.java:66)
	at org.hibernate.sql.results.spi.ListResultsConsumer.consume(ListResultsConsumer.java:202)
	at org.hibernate.sql.results.spi.ListResultsConsumer.consume(ListResultsConsumer.java:33)
	at org.hibernate.sql.exec.internal.JdbcSelectExecutorStandardImpl.doExecuteQuery(JdbcSelectExecutorStandardImpl.java:209)
	at org.hibernate.sql.exec.internal.JdbcSelectExecutorStandardImpl.executeQuery(JdbcSelectExecutorStandardImpl.java:83)
	at org.hibernate.sql.exec.spi.JdbcSelectExecutor.list(JdbcSelectExecutor.java:76)
	at org.hibernate.sql.exec.spi.JdbcSelectExecutor.list(JdbcSelectExecutor.java:65)
	at org.hibernate.query.sqm.internal.ConcreteSqmSelectQueryPlan.lambda$new$2(ConcreteSqmSelectQueryPlan.java:137)
	at org.hibernate.query.sqm.internal.ConcreteSqmSelectQueryPlan.withCacheableSqmInterpretation(ConcreteSqmSelectQueryPlan.java:362)
	at org.hibernate.query.sqm.internal.ConcreteSqmSelectQueryPlan.performList(ConcreteSqmSelectQueryPlan.java:303)
	at org.hibernate.query.sqm.internal.QuerySqmImpl.doList(QuerySqmImpl.java:509)
	at org.hibernate.query.spi.AbstractSelectionQuery.list(AbstractSelectionQuery.java:427)
	at org.hibernate.query.spi.AbstractSelectionQuery.getSingleResult(AbstractSelectionQuery.java:564)
	at java.base/jdk.internal.reflect.DirectMethodHandleAccessor.invoke(DirectMethodHandleAccessor.java:103)
	at java.base/java.lang.reflect.Method.invoke(Method.java:580)
	at org.springframework.orm.jpa.SharedEntityManagerCreator$DeferredQueryInvocationHandler.invoke(SharedEntityManagerCreator.java:415)
	at jdk.proxy2/jdk.proxy2.$Proxy242.getSingleResult(Unknown Source)
	at org.springframework.data.jpa.repository.query.JpaQueryExecution$SingleEntityExecution.doExecute(JpaQueryExecution.java:223)
	at org.springframework.data.jpa.repository.query.JpaQueryExecution.execute(JpaQueryExecution.java:92)
	at org.springframework.data.jpa.repository.query.AbstractJpaQuery.doExecute(AbstractJpaQuery.java:149)
	at org.springframework.data.jpa.repository.query.AbstractJpaQuery.execute(AbstractJpaQuery.java:137)
	at org.springframework.data.repository.core.support.RepositoryMethodInvoker.doInvoke(RepositoryMethodInvoker.java:170)
	at org.springframework.data.repository.core.support.RepositoryMethodInvoker.invoke(RepositoryMethodInvoker.java:158)
	at org.springframework.data.repository.core.support.QueryExecutorMethodInterceptor.doInvoke(QueryExecutorMethodInterceptor.java:164)
	at org.springframework.data.repository.core.support.QueryExecutorMethodInterceptor.invoke(QueryExecutorMethodInterceptor.java:143)
	at org.springframework.aop.framework.ReflectiveMethodInvocation.proceed(ReflectiveMethodInvocation.java:184)
	at org.springframework.data.projection.DefaultMethodInvokingMethodInterceptor.invoke(DefaultMethodInvokingMethodInterceptor.java:70)
	at org.springframework.aop.framework.ReflectiveMethodInvocation.proceed(ReflectiveMethodInvocation.java:184)
	at org.springframework.transaction.interceptor.TransactionInterceptor$1.proceedWithInvocation(TransactionInterceptor.java:123)
	at org.springframework.transaction.interceptor.TransactionAspectSupport.invokeWithinTransaction(TransactionAspectSupport.java:385)
	at org.springframework.transaction.interceptor.TransactionInterceptor.invoke(TransactionInterceptor.java:119)
	at org.springframework.aop.framework.ReflectiveMethodInvocation.proceed(ReflectiveMethodInvocation.java:184)
	at org.springframework.dao.support.PersistenceExceptionTranslationInterceptor.invoke(PersistenceExceptionTranslationInterceptor.java:137)
	... 11 more
Caused by: org.h2.jdbc.JdbcSQLSyntaxErrorException: Columna "U1_0.CODIGO_2FA" no encontrada
Column "U1_0.CODIGO_2FA" not found; SQL statement:
select u1_0.id,u1_0.activo,u1_0.bloqueado,u1_0.clave,u1_0.codigo_2fa,u1_0.codigo_2fa_expira_en,u1_0.correo,u1_0.nombre_completo,u1_0.nombre_usuario,u1_0.rol from usuarios u1_0 where u1_0.nombre_usuario=? [42122-224]
	at org.h2.message.DbException.getJdbcSQLException(DbException.java:514)
	at org.h2.message.DbException.getJdbcSQLException(DbException.java:489)
	at org.h2.message.DbException.get(DbException.java:223)
	at org.h2.message.DbException.get(DbException.java:199)
	at org.h2.expression.ExpressionColumn.getColumnException(ExpressionColumn.java:244)
	at org.h2.expression.ExpressionColumn.optimizeOther(ExpressionColumn.java:226)
	at org.h2.expression.ExpressionColumn.optimize(ExpressionColumn.java:213)
	at org.h2.command.query.Select.prepareExpressions(Select.java:1170)
	at org.h2.command.query.Query.prepare(Query.java:218)
	at org.h2.command.Parser.prepareCommand(Parser.java:489)
	at org.h2.engine.SessionLocal.prepareLocal(SessionLocal.java:639)
	at org.h2.engine.SessionLocal.prepareCommand(SessionLocal.java:559)
	at org.h2.jdbc.JdbcConnection.prepareCommand(JdbcConnection.java:1166)
	at org.h2.jdbc.JdbcPreparedStatement.<init>(JdbcPreparedStatement.java:93)
	at org.h2.jdbc.JdbcConnection.prepareStatement(JdbcConnection.java:316)
	at com.zaxxer.hikari.pool.ProxyConnection.prepareStatement(ProxyConnection.java:327)
	at com.zaxxer.hikari.pool.HikariProxyConnection.prepareStatement(HikariProxyConnection.java)
	at org.hibernate.engine.jdbc.internal.StatementPreparerImpl$5.doPrepare(StatementPreparerImpl.java:153)
	at org.hibernate.engine.jdbc.internal.StatementPreparerImpl$StatementPreparationTemplate.prepareStatement(StatementPreparerImpl.java:183)
	... 51 more
]]></error>
    <system-out><![CDATA[2025-06-16T19:05:48.063-05:00 DEBUG 9464 --- [           main] org.hibernate.SQL                        : select lp1_0.id,lp1_0.almacen_id,lp1_0.codigo_lote,lp1_0.estado,lp1_0.fecha_fabricacion,lp1_0.fecha_liberacion,lp1_0.fecha_vencimiento,lp1_0.orden_produccion_id,lp1_0.produccion_id,lp1_0.producto_id,lp1_0.stock_lote,lp1_0.temperatura_almacenamiento,lp1_0.usuario_liberador_id from lotes_productos lp1_0 where lp1_0.codigo_lote=?
Hibernate: select lp1_0.id,lp1_0.almacen_id,lp1_0.codigo_lote,lp1_0.estado,lp1_0.fecha_fabricacion,lp1_0.fecha_liberacion,lp1_0.fecha_vencimiento,lp1_0.orden_produccion_id,lp1_0.produccion_id,lp1_0.producto_id,lp1_0.stock_lote,lp1_0.temperatura_almacenamiento,lp1_0.usuario_liberador_id from lotes_productos lp1_0 where lp1_0.codigo_lote=?
2025-06-16T19:05:48.082-05:00 DEBUG 9464 --- [           main] org.hibernate.SQL                        : select u1_0.id,u1_0.activo,u1_0.bloqueado,u1_0.clave,u1_0.codigo_2fa,u1_0.codigo_2fa_expira_en,u1_0.correo,u1_0.nombre_completo,u1_0.nombre_usuario,u1_0.rol from usuarios u1_0 where u1_0.nombre_usuario=?
Hibernate: select u1_0.id,u1_0.activo,u1_0.bloqueado,u1_0.clave,u1_0.codigo_2fa,u1_0.codigo_2fa_expira_en,u1_0.correo,u1_0.nombre_completo,u1_0.nombre_usuario,u1_0.rol from usuarios u1_0 where u1_0.nombre_usuario=?
2025-06-16T19:05:48.082-05:00  WARN 9464 --- [           main] o.h.engine.jdbc.spi.SqlExceptionHelper   : SQL Error: 42122, SQLState: 42S22
2025-06-16T19:05:48.082-05:00 ERROR 9464 --- [           main] o.h.engine.jdbc.spi.SqlExceptionHelper   : Columna "U1_0.CODIGO_2FA" no encontrada
Column "U1_0.CODIGO_2FA" not found; SQL statement:
select u1_0.id,u1_0.activo,u1_0.bloqueado,u1_0.clave,u1_0.codigo_2fa,u1_0.codigo_2fa_expira_en,u1_0.correo,u1_0.nombre_completo,u1_0.nombre_usuario,u1_0.rol from usuarios u1_0 where u1_0.nombre_usuario=? [42122-224]
]]></system-out>
  </testcase>
</testsuite>